<?xml version="1.0" encoding="UTF-8"?>
<!-- Generated by org.testng.reporters.JUnitReportReporter -->
<testsuite hostname="sanjai" failures="0" tests="5" name="DataProvider.Login_Panel" time="15.037" errors="0" timestamp="2022-05-06T17:25:18 IST" skipped="0">
  <testcase classname="DataProvider.Login_Panel" name="logindata" time="1.189"/>
  <system-out/>
  <testcase classname="DataProvider.Login_Panel" name="logindata" time="7.044"/>
  <system-out/>
  <testcase classname="DataProvider.Login_Panel" name="logindata" time="0.333"/>
  <system-out/>
  <testcase classname="DataProvider.Login_Panel" name="logindata" time="6.074"/>
  <system-out/>
  <testcase classname="DataProvider.Login_Panel" name="logindata" time="0.397"/>
  <system-out/>
</testsuite> <!-- DataProvider.Login_Panel -->
