<?xml version="1.0" encoding="UTF-8"?>
<!-- Generated by org.testng.reporters.JUnitReportReporter -->
<testsuite hostname="sanjai" failures="0" tests="1" name="Listener1.Login_Page" time="62.627" errors="0" timestamp="2022-05-06T16:53:46 IST" skipped="0">
  <testcase classname="Listener1.Login_Page" name="OrangeHRM" time="62.627"/>
  <system-out/>
</testsuite> <!-- Listener1.Login_Page -->
